Building DAG of jobs...
Using shell: /bin/bash
Provided cores: 1
Rules claiming more threads will be scaled down.
Job counts:
	count	jobs
	8	HC
	1	all
	9

[Tue May 21 20:44:18 2019]
rule HC:
    input: /mnt/IMBG-NGS-Analysys/StudentsWork/kilina_da/input/Kra.recal_pass2.bam
    output: /mnt/IMBG-NGS-Analysys/StudentsWork/kilina_da/output/Kra.recal_pass2.g.vcf.gz
    jobid: 8
    wildcards: sample=Kra.recal_pass2
    priority: 2

[Wed May 22 01:18:03 2019]
Finished job 8.
1 of 9 steps (11%) done

[Wed May 22 01:18:03 2019]
rule HC:
    input: /mnt/IMBG-NGS-Analysys/StudentsWork/kilina_da/input/Ab_s.recal_pass2.bam
    output: /mnt/IMBG-NGS-Analysys/StudentsWork/kilina_da/output/Ab_s.recal_pass2.g.vcf.gz
    jobid: 2
    wildcards: sample=Ab_s.recal_pass2
    priority: 2

[Wed May 22 03:41:49 2019]
Finished job 2.
2 of 9 steps (22%) done

[Wed May 22 03:41:49 2019]
rule HC:
    input: /mnt/IMBG-NGS-Analysys/StudentsWork/kilina_da/input/S_M.recal_pass2.bam
    output: /mnt/IMBG-NGS-Analysys/StudentsWork/kilina_da/output/S_M.recal_pass2.g.vcf.gz
    jobid: 5
    wildcards: sample=S_M.recal_pass2
    priority: 2

[Wed May 22 05:40:33 2019]
Finished job 5.
3 of 9 steps (33%) done

[Wed May 22 05:40:33 2019]
rule HC:
    input: /mnt/IMBG-NGS-Analysys/StudentsWork/kilina_da/input/V_M.recal_pass2.bam
    output: /mnt/IMBG-NGS-Analysys/StudentsWork/kilina_da/output/V_M.recal_pass2.g.vcf.gz
    jobid: 6
    wildcards: sample=V_M.recal_pass2
    priority: 2

[Wed May 22 07:56:09 2019]
Finished job 6.
4 of 9 steps (44%) done

[Wed May 22 07:56:09 2019]
rule HC:
    input: /mnt/IMBG-NGS-Analysys/StudentsWork/kilina_da/input/Ab_A.recal_pass2.bam
    output: /mnt/IMBG-NGS-Analysys/StudentsWork/kilina_da/output/Ab_A.recal_pass2.g.vcf.gz
    jobid: 1
    wildcards: sample=Ab_A.recal_pass2
    priority: 2

[Wed May 22 08:08:34 2019]
Error in rule HC:
    jobid: 1
    output: /mnt/IMBG-NGS-Analysys/StudentsWork/kilina_da/output/Ab_A.recal_pass2.g.vcf.gz
    shell:
        ~/gatk-4.1.2.0/gatk HaplotypeCaller -I /mnt/IMBG-NGS-Analysys/StudentsWork/kilina_da/input/Ab_A.recal_pass2.bam -R /mnt/IMBG-NGS-Analysys/StudentsWork/kilina_da/reference/hs37d5.fa -O /mnt/IMBG-NGS-Analysys/StudentsWork/kilina_da/output/Ab_A.recal_pass2.g.vcf.gz -ERC GVCF

Removing output files of failed job HC since they might be corrupted:
/mnt/IMBG-NGS-Analysys/StudentsWork/kilina_da/output/Ab_A.recal_pass2.g.vcf.gz
Shutting down, this might take some time.
Exiting because a job execution failed. Look above for error message
Complete log: /home/kilina_da/project-ib/.snakemake/log/2019-05-21T204418.887484.snakemake.log
