Building DAG of jobs...
Using shell: /bin/bash
Provided cores: 1
Rules claiming more threads will be scaled down.
Job counts:
	count	jobs
	10	HC
	1	all
	11

[Tue May 21 10:51:51 2019]
rule HC:
    input: /mnt/IMBG-NGS-Analysys/StudentsWork/ExomesData/Lop.recal_pass2.bam
    output: /mnt/IMBG-NGS-Analysys/StudentsWork/kilina_da/output/Lop.recal_pass2.g.vcf.gz
    jobid: 10
    wildcards: sample=Lop.recal_pass2
    priority: 2

[Tue May 21 15:22:35 2019]
Finished job 10.
1 of 11 steps (9%) done

[Tue May 21 15:22:35 2019]
rule HC:
    input: /mnt/IMBG-NGS-Analysys/StudentsWork/ExomesData/Kir.recal_pass2.bam
    output: /mnt/IMBG-NGS-Analysys/StudentsWork/kilina_da/output/Kir.recal_pass2.g.vcf.gz
    jobid: 8
    wildcards: sample=Kir.recal_pass2
    priority: 2

[Tue May 21 20:07:01 2019]
Finished job 8.
2 of 11 steps (18%) done

[Tue May 21 20:07:01 2019]
rule HC:
    input: /mnt/IMBG-NGS-Analysys/StudentsWork/ExomesData/Kra.recal_pass2.bam
    output: /mnt/IMBG-NGS-Analysys/StudentsWork/kilina_da/output/Kra.recal_pass2.g.vcf.gz
    jobid: 9
    wildcards: sample=Kra.recal_pass2
    priority: 2

[Tue May 21 20:11:50 2019]
Error in rule HC:
    jobid: 9
    output: /mnt/IMBG-NGS-Analysys/StudentsWork/kilina_da/output/Kra.recal_pass2.g.vcf.gz
    shell:
        ~/gatk-4.1.2.0/gatk HaplotypeCaller -I /mnt/IMBG-NGS-Analysys/StudentsWork/ExomesData/Kra.recal_pass2.bam -R /mnt/IMBG-NGS-Analysys/StudentsWork/kilina_da/reference/hs37d5.fa -O /mnt/IMBG-NGS-Analysys/StudentsWork/kilina_da/output/Kra.recal_pass2.g.vcf.gz -ERC GVCF

Removing output files of failed job HC since they might be corrupted:
/mnt/IMBG-NGS-Analysys/StudentsWork/kilina_da/output/Kra.recal_pass2.g.vcf.gz
Shutting down, this might take some time.
Exiting because a job execution failed. Look above for error message
Complete log: /home/kilina_da/project-ib/.snakemake/log/2019-05-21T105151.790530.snakemake.log
