Building DAG of jobs...
Using shell: /bin/bash
Provided cores: 1
Rules claiming more threads will be scaled down.
Job counts:
	count	jobs
	1	all
	10	leftAlign_ind
	10	leftAlign_snp
	21

[Sun May 19 14:34:17 2019]
rule leftAlign_snp:
    input: /mnt/IMBG-NGS-Analysys/StudentsWork/kilina_da/output/Kir.recal_pass2_snps.vcf
    output: /mnt/IMBG-NGS-Analysys/StudentsWork/kilina_da/output/Kir.recal_pass2_snps_left.vcf
    jobid: 18
    wildcards: sample=Kir.recal_pass2
    priority: 4

[Sun May 19 14:34:35 2019]
Finished job 18.
1 of 21 steps (5%) done

[Sun May 19 14:34:35 2019]
rule leftAlign_snp:
    input: /mnt/IMBG-NGS-Analysys/StudentsWork/kilina_da/output/Lop.recal_pass2_snps.vcf
    output: /mnt/IMBG-NGS-Analysys/StudentsWork/kilina_da/output/Lop.recal_pass2_snps_left.vcf
    jobid: 20
    wildcards: sample=Lop.recal_pass2
    priority: 4

[Sun May 19 14:34:50 2019]
Finished job 20.
2 of 21 steps (10%) done

[Sun May 19 14:34:50 2019]
rule leftAlign_snp:
    input: /mnt/IMBG-NGS-Analysys/StudentsWork/kilina_da/output/Kra.recal_pass2_snps.vcf
    output: /mnt/IMBG-NGS-Analysys/StudentsWork/kilina_da/output/Kra.recal_pass2_snps_left.vcf
    jobid: 19
    wildcards: sample=Kra.recal_pass2
    priority: 4

[Sun May 19 14:35:05 2019]
Finished job 19.
3 of 21 steps (14%) done

[Sun May 19 14:35:05 2019]
rule leftAlign_snp:
    input: /mnt/IMBG-NGS-Analysys/StudentsWork/kilina_da/output/Ab_s.recal_pass2_snps.vcf
    output: /mnt/IMBG-NGS-Analysys/StudentsWork/kilina_da/output/Ab_s.recal_pass2_snps_left.vcf
    jobid: 12
    wildcards: sample=Ab_s.recal_pass2
    priority: 4

[Sun May 19 14:35:14 2019]
Finished job 12.
4 of 21 steps (19%) done

[Sun May 19 14:35:14 2019]
rule leftAlign_snp:
    input: /mnt/IMBG-NGS-Analysys/StudentsWork/kilina_da/output/V_R.recal_pass2_snps.vcf
    output: /mnt/IMBG-NGS-Analysys/StudentsWork/kilina_da/output/V_R.recal_pass2_snps_left.vcf
    jobid: 17
    wildcards: sample=V_R.recal_pass2
    priority: 4

[Sun May 19 14:35:22 2019]
Finished job 17.
5 of 21 steps (24%) done

[Sun May 19 14:35:22 2019]
rule leftAlign_snp:
    input: /mnt/IMBG-NGS-Analysys/StudentsWork/kilina_da/output/V_M.recal_pass2_snps.vcf
    output: /mnt/IMBG-NGS-Analysys/StudentsWork/kilina_da/output/V_M.recal_pass2_snps_left.vcf
    jobid: 16
    wildcards: sample=V_M.recal_pass2
    priority: 4

[Sun May 19 14:35:29 2019]
Finished job 16.
6 of 21 steps (29%) done

[Sun May 19 14:35:29 2019]
rule leftAlign_snp:
    input: /mnt/IMBG-NGS-Analysys/StudentsWork/kilina_da/output/S_M.recal_pass2_snps.vcf
    output: /mnt/IMBG-NGS-Analysys/StudentsWork/kilina_da/output/S_M.recal_pass2_snps_left.vcf
    jobid: 15
    wildcards: sample=S_M.recal_pass2
    priority: 4

[Sun May 19 14:35:37 2019]
Finished job 15.
7 of 21 steps (33%) done

[Sun May 19 14:35:37 2019]
rule leftAlign_snp:
    input: /mnt/IMBG-NGS-Analysys/StudentsWork/kilina_da/output/Ab_A.recal_pass2_snps.vcf
    output: /mnt/IMBG-NGS-Analysys/StudentsWork/kilina_da/output/Ab_A.recal_pass2_snps_left.vcf
    jobid: 11
    wildcards: sample=Ab_A.recal_pass2
    priority: 4

[Sun May 19 14:35:45 2019]
Finished job 11.
8 of 21 steps (38%) done

[Sun May 19 14:35:45 2019]
rule leftAlign_snp:
    input: /mnt/IMBG-NGS-Analysys/StudentsWork/kilina_da/output/S_J.recal_pass2_snps.vcf
    output: /mnt/IMBG-NGS-Analysys/StudentsWork/kilina_da/output/S_J.recal_pass2_snps_left.vcf
    jobid: 14
    wildcards: sample=S_J.recal_pass2
    priority: 4

[Sun May 19 14:35:52 2019]
Finished job 14.
9 of 21 steps (43%) done

[Sun May 19 14:35:52 2019]
rule leftAlign_snp:
    input: /mnt/IMBG-NGS-Analysys/StudentsWork/kilina_da/output/Sgi.recal_pass2_snps.vcf
    output: /mnt/IMBG-NGS-Analysys/StudentsWork/kilina_da/output/Sgi.recal_pass2_snps_left.vcf
    jobid: 13
    wildcards: sample=Sgi.recal_pass2
    priority: 4

[Sun May 19 14:36:00 2019]
Finished job 13.
10 of 21 steps (48%) done

[Sun May 19 14:36:00 2019]
rule leftAlign_ind:
    input: /mnt/IMBG-NGS-Analysys/StudentsWork/kilina_da/output/Kir.recal_pass2_indels.vcf
    output: /mnt/IMBG-NGS-Analysys/StudentsWork/kilina_da/output/Kir.recal_pass2_indels_left.vcf
    jobid: 8
    wildcards: sample=Kir.recal_pass2
    priority: 4

[Sun May 19 14:36:13 2019]
Finished job 8.
11 of 21 steps (52%) done

[Sun May 19 14:36:13 2019]
rule leftAlign_ind:
    input: /mnt/IMBG-NGS-Analysys/StudentsWork/kilina_da/output/Lop.recal_pass2_indels.vcf
    output: /mnt/IMBG-NGS-Analysys/StudentsWork/kilina_da/output/Lop.recal_pass2_indels_left.vcf
    jobid: 10
    wildcards: sample=Lop.recal_pass2
    priority: 4

[Sun May 19 14:36:26 2019]
Finished job 10.
12 of 21 steps (57%) done

[Sun May 19 14:36:26 2019]
rule leftAlign_ind:
    input: /mnt/IMBG-NGS-Analysys/StudentsWork/kilina_da/output/Kra.recal_pass2_indels.vcf
    output: /mnt/IMBG-NGS-Analysys/StudentsWork/kilina_da/output/Kra.recal_pass2_indels_left.vcf
    jobid: 9
    wildcards: sample=Kra.recal_pass2
    priority: 4

[Sun May 19 14:36:37 2019]
Finished job 9.
13 of 21 steps (62%) done

[Sun May 19 14:36:37 2019]
rule leftAlign_ind:
    input: /mnt/IMBG-NGS-Analysys/StudentsWork/kilina_da/output/Ab_s.recal_pass2_indels.vcf
    output: /mnt/IMBG-NGS-Analysys/StudentsWork/kilina_da/output/Ab_s.recal_pass2_indels_left.vcf
    jobid: 2
    wildcards: sample=Ab_s.recal_pass2
    priority: 4

[Sun May 19 14:36:48 2019]
Finished job 2.
14 of 21 steps (67%) done

[Sun May 19 14:36:48 2019]
rule leftAlign_ind:
    input: /mnt/IMBG-NGS-Analysys/StudentsWork/kilina_da/output/V_M.recal_pass2_indels.vcf
    output: /mnt/IMBG-NGS-Analysys/StudentsWork/kilina_da/output/V_M.recal_pass2_indels_left.vcf
    jobid: 6
    wildcards: sample=V_M.recal_pass2
    priority: 4

[Sun May 19 14:36:58 2019]
Finished job 6.
15 of 21 steps (71%) done

[Sun May 19 14:36:58 2019]
rule leftAlign_ind:
    input: /mnt/IMBG-NGS-Analysys/StudentsWork/kilina_da/output/S_M.recal_pass2_indels.vcf
    output: /mnt/IMBG-NGS-Analysys/StudentsWork/kilina_da/output/S_M.recal_pass2_indels_left.vcf
    jobid: 5
    wildcards: sample=S_M.recal_pass2
    priority: 4

[Sun May 19 14:37:09 2019]
Finished job 5.
16 of 21 steps (76%) done

[Sun May 19 14:37:09 2019]
rule leftAlign_ind:
    input: /mnt/IMBG-NGS-Analysys/StudentsWork/kilina_da/output/V_R.recal_pass2_indels.vcf
    output: /mnt/IMBG-NGS-Analysys/StudentsWork/kilina_da/output/V_R.recal_pass2_indels_left.vcf
    jobid: 7
    wildcards: sample=V_R.recal_pass2
    priority: 4

[Sun May 19 14:37:18 2019]
Finished job 7.
17 of 21 steps (81%) done

[Sun May 19 14:37:18 2019]
rule leftAlign_ind:
    input: /mnt/IMBG-NGS-Analysys/StudentsWork/kilina_da/output/Sgi.recal_pass2_indels.vcf
    output: /mnt/IMBG-NGS-Analysys/StudentsWork/kilina_da/output/Sgi.recal_pass2_indels_left.vcf
    jobid: 3
    wildcards: sample=Sgi.recal_pass2
    priority: 4

[Sun May 19 14:37:29 2019]
Finished job 3.
18 of 21 steps (86%) done

[Sun May 19 14:37:29 2019]
rule leftAlign_ind:
    input: /mnt/IMBG-NGS-Analysys/StudentsWork/kilina_da/output/S_J.recal_pass2_indels.vcf
    output: /mnt/IMBG-NGS-Analysys/StudentsWork/kilina_da/output/S_J.recal_pass2_indels_left.vcf
    jobid: 4
    wildcards: sample=S_J.recal_pass2
    priority: 4

[Sun May 19 14:37:39 2019]
Finished job 4.
19 of 21 steps (90%) done

[Sun May 19 14:37:39 2019]
rule leftAlign_ind:
    input: /mnt/IMBG-NGS-Analysys/StudentsWork/kilina_da/output/Ab_A.recal_pass2_indels.vcf
    output: /mnt/IMBG-NGS-Analysys/StudentsWork/kilina_da/output/Ab_A.recal_pass2_indels_left.vcf
    jobid: 1
    wildcards: sample=Ab_A.recal_pass2
    priority: 4

[Sun May 19 14:37:48 2019]
Finished job 1.
20 of 21 steps (95%) done

[Sun May 19 14:37:48 2019]
localrule all:
    input: /mnt/IMBG-NGS-Analysys/StudentsWork/kilina_da/output/Ab_A.recal_pass2_indels_left.vcf, /mnt/IMBG-NGS-Analysys/StudentsWork/kilina_da/output/Ab_s.recal_pass2_indels_left.vcf, /mnt/IMBG-NGS-Analysys/StudentsWork/kilina_da/output/Sgi.recal_pass2_indels_left.vcf, /mnt/IMBG-NGS-Analysys/StudentsWork/kilina_da/output/S_J.recal_pass2_indels_left.vcf, /mnt/IMBG-NGS-Analysys/StudentsWork/kilina_da/output/S_M.recal_pass2_indels_left.vcf, /mnt/IMBG-NGS-Analysys/StudentsWork/kilina_da/output/V_M.recal_pass2_indels_left.vcf, /mnt/IMBG-NGS-Analysys/StudentsWork/kilina_da/output/V_R.recal_pass2_indels_left.vcf, /mnt/IMBG-NGS-Analysys/StudentsWork/kilina_da/output/Kir.recal_pass2_indels_left.vcf, /mnt/IMBG-NGS-Analysys/StudentsWork/kilina_da/output/Kra.recal_pass2_indels_left.vcf, /mnt/IMBG-NGS-Analysys/StudentsWork/kilina_da/output/Lop.recal_pass2_indels_left.vcf, /mnt/IMBG-NGS-Analysys/StudentsWork/kilina_da/output/Ab_A.recal_pass2_snps_left.vcf, /mnt/IMBG-NGS-Analysys/StudentsWork/kilina_da/output/Ab_s.recal_pass2_snps_left.vcf, /mnt/IMBG-NGS-Analysys/StudentsWork/kilina_da/output/Sgi.recal_pass2_snps_left.vcf, /mnt/IMBG-NGS-Analysys/StudentsWork/kilina_da/output/S_J.recal_pass2_snps_left.vcf, /mnt/IMBG-NGS-Analysys/StudentsWork/kilina_da/output/S_M.recal_pass2_snps_left.vcf, /mnt/IMBG-NGS-Analysys/StudentsWork/kilina_da/output/V_M.recal_pass2_snps_left.vcf, /mnt/IMBG-NGS-Analysys/StudentsWork/kilina_da/output/V_R.recal_pass2_snps_left.vcf, /mnt/IMBG-NGS-Analysys/StudentsWork/kilina_da/output/Kir.recal_pass2_snps_left.vcf, /mnt/IMBG-NGS-Analysys/StudentsWork/kilina_da/output/Kra.recal_pass2_snps_left.vcf, /mnt/IMBG-NGS-Analysys/StudentsWork/kilina_da/output/Lop.recal_pass2_snps_left.vcf
    jobid: 0

[Sun May 19 14:37:48 2019]
Finished job 0.
21 of 21 steps (100%) done
Complete log: /home/kilina_da/project-ib/.snakemake/log/2019-05-19T143417.917786.snakemake.log
