Building DAG of jobs...
Using shell: /bin/bash
Provided cores: 1
Rules claiming more threads will be scaled down.
Job counts:
	count	jobs
	1	all
	10	indel_filter
	10	select_indel
	10	select_snp
	10	snp_filter
	41

[Fri May 17 16:46:51 2019]
rule select_indel:
    input: /mnt/IMBG-NGS-Analysys/StudentsWork/kilina_da/output/Kir.recal_pass2.vcf
    output: /mnt/IMBG-NGS-Analysys/StudentsWork/kilina_da/output/Kir.recal_pass2_select_indel.vcf
    jobid: 18
    wildcards: sample=Kir.recal_pass2
    priority: 3

[Fri May 17 16:46:53 2019]
Error in rule select_indel:
    jobid: 18
    output: /mnt/IMBG-NGS-Analysys/StudentsWork/kilina_da/output/Kir.recal_pass2_select_indel.vcf
    shell:
        ~/gatk-4.1.2.0/gatk SelectVariants -R /mnt/IMBG-NGS-Analysys/StudentsWork/kilina_da/reference/hs37d5.fa -V /mnt/IMBG-NGS-Analysys/StudentsWork/kilina_da/output/Kir.recal_pass2.vcf -O /mnt/IMBG-NGS-Analysys/StudentsWork/kilina_da/output/Kir.recal_pass2_select_indel.vcf -select-type: INDEL

Shutting down, this might take some time.
Exiting because a job execution failed. Look above for error message
Complete log: /home/kilina_da/project-ib/.snakemake/log/2019-05-17T164651.491791.snakemake.log
