Building DAG of jobs...
Using shell: /bin/bash
Provided cores: 1
Rules claiming more threads will be scaled down.
Job counts:
	count	jobs
	1	all
	1	indel_filter
	1	left_trim
	1	select_indel
	1	select_snp
	1	snp_filter
	6

[Wed May 22 21:23:06 2019]
rule left_trim:
    input: /mnt/IMBG-NGS-Analysys/StudentsWork/kilina_da/output/combine_genotype.g.vcf.gz
    output: /mnt/IMBG-NGS-Analysys/StudentsWork/kilina_da/output/left_trim_combine_genotype.g.vcf.gz
    jobid: 1
    priority: 4

Terminating processes on user request, this might take some time.
[Wed May 22 21:23:12 2019]
Error in rule left_trim:
    jobid: 1
    output: /mnt/IMBG-NGS-Analysys/StudentsWork/kilina_da/output/left_trim_combine_genotype.g.vcf.gz
    shell:
        ~/gatk-4.1.2.0/gatk LeftAlignAndTrimVariants -R /mnt/IMBG-NGS-Analysys/StudentsWork/kilina_da/reference/hs37d5.fa -V /mnt/IMBG-NGS-Analysys/StudentsWork/kilina_da/output/combine_genotype.g.vcf.gz -O /mnt/IMBG-NGS-Analysys/StudentsWork/kilina_da/output/left_trim_combine_genotype.g.vcf.gz --split-multi-allelics

Removing output files of failed job left_trim since they might be corrupted:
/mnt/IMBG-NGS-Analysys/StudentsWork/kilina_da/output/left_trim_combine_genotype.g.vcf.gz
Complete log: /home/kilina_da/project-ib/.snakemake/log/2019-05-22T212306.548708.snakemake.log
