Building DAG of jobs...
Provided cores: 1
Rules claiming more threads will be scaled down.
Job counts:
	count	jobs
	1	HC
	1	all
	1	select_snp
	3

rule HC:
    input: /home/daria/Documents/Project2/SoCHR22_hg19.bam
    output: home/daria/Documents/Project2/SoCHR22_hg19.vcf
    jobid: 2

Terminating processes on user request.
Error in rule HC:
    jobid: 2
    output: home/daria/Documents/Project2/SoCHR22_hg19.vcf

RuleException:
CalledProcessError in line 12 of /home/daria/snakemake/project-ib/rules/rule_HC.smk:
Command ' set -euo pipefail;  gatk HaplotypeCaller -I /home/daria/Documents/Project2/SoCHR22_hg19.bam -R /home/daria/Documents/Project2/hs37d5.fa -O home/daria/Documents/Project2/SoCHR22_hg19.vcf ' returned non-zero exit status 1.
  File "/home/daria/snakemake/project-ib/rules/rule_HC.smk", line 12, in __rule_HC
  File "/usr/lib/python3.6/concurrent/futures/thread.py", line 56, in run
Removing output files of failed job HC since they might be corrupted:
home/daria/Documents/Project2/SoCHR22_hg19.vcf
Complete log: .snakemake/log/2019-04-15T174613.242474.snakemake.log
