Building DAG of jobs...
Provided cores: 1
Rules claiming more threads will be scaled down.
Job counts:
	count	jobs
	1	all
	2	indel_filter
	3

rule indel_filter:
    input: /home/daria/Documents/Project2/input/SoCHR22_hg19_select.vcf
    output: /home/daria/Documents/Project2/input/SoCHR22_hg19_indels.vcf
    jobid: 1
    wildcards: sample=SoCHR22_hg19

Finished job 1.
1 of 3 steps (33%) done

rule indel_filter:
    input: /home/daria/Documents/Project2/input/SoCHR22_hg19_1_select.vcf
    output: /home/daria/Documents/Project2/input/SoCHR22_hg19_1_indels.vcf
    jobid: 2
    wildcards: sample=SoCHR22_hg19_1

Finished job 2.
2 of 3 steps (67%) done

localrule all:
    input: /home/daria/Documents/Project2/input/SoCHR22_hg19_indels.vcf, /home/daria/Documents/Project2/input/SoCHR22_hg19_1_indels.vcf
    jobid: 0

Finished job 0.
3 of 3 steps (100%) done
