Building DAG of jobs...
Provided cores: 1
Rules claiming more threads will be scaled down.
Job counts:
	count	jobs
	2	HC
	1	all
	2	bam_index
	2	indel_filter
	1	ref_dict
	1	ref_index
	2	select_var
	2	snp_filter
	13

rule HC:
    input: /home/daria/Documents/Project2/input/SoCHR22_hg19.bam
    output: /home/daria/Documents/Project2/input/SoCHR22_hg19.vcf
    jobid: 1
    wildcards: sample=SoCHR22_hg19

Error in rule HC:
    jobid: 1
    output: /home/daria/Documents/Project2/input/SoCHR22_hg19.vcf

RuleException:
CalledProcessError in line 8 of /home/daria/snakemake/project-ib/rules/4_HC.smk:
Command ' set -euo pipefail;  gatk HaplotypeCaller -I /home/daria/Documents/Project2/input/SoCHR22_hg19.bam -R /home/daria/Documents/Project2/reference/hs37d5.fa -O /home/daria/Documents/Project2/input/SoCHR22_hg19.vcf ' returned non-zero exit status 2.
  File "/home/daria/snakemake/project-ib/rules/4_HC.smk", line 8, in __rule_HC
  File "/usr/lib/python3.6/concurrent/futures/thread.py", line 56, in run
Will exit after finishing currently running jobs.
Exiting because a job execution failed. Look above for error message
Complete log: /home/daria/snakemake/project-ib/.snakemake/log/2019-04-21T211447.607372.snakemake.log
