Building DAG of jobs...
Using shell: /bin/bash
Provided cores: 1
Rules claiming more threads will be scaled down.
Job counts:
	count	jobs
	1	all
	10	annovar_ind
	10	annovar_snp
	21

[Sun May 19 18:21:17 2019]
rule annovar_snp:
    input: /mnt/IMBG-NGS-Analysys/StudentsWork/kilina_da/output/Kir.recal_pass2_snps_left.vcf
    output: /mnt/IMBG-NGS-Analysys/StudentsWork/kilina_da/output/Kir.recal_pass2_snps_anno.vcf
    jobid: 8
    wildcards: sample=Kir.recal_pass2

Waiting at most 5 seconds for missing files.
MissingOutputException in line 3 of /home/kilina_da/project-ib/rules/12_annovar_snp.smk:
Missing files after 5 seconds:
/mnt/IMBG-NGS-Analysys/StudentsWork/kilina_da/output/Kir.recal_pass2_snps_anno.vcf
This might be due to filesystem latency. If that is the case, consider to increase the wait time with --latency-wait.
Shutting down, this might take some time.
Exiting because a job execution failed. Look above for error message
Complete log: /home/kilina_da/project-ib/.snakemake/log/2019-05-19T182117.132019.snakemake.log
