Building DAG of jobs...
Provided cores: 1
Rules claiming more threads will be scaled down.
Job counts:
	count	jobs
	1	all
	1	ref_dict
	2

rule ref_dict:
    input: /home/daria/Documents/Project2/hs37d5.fa
    output: home/daria/Project2/hs37d5.dict
    jobid: 1

Error in rule ref_dict:
    jobid: 1
    output: home/daria/Project2/hs37d5.dict

RuleException:
CalledProcessError in line 10 of /home/daria/snakemake/project-ib/rules/rule_ref_dict.smk:
Command ' set -euo pipefail;  ./gatk CreateSequenceDictionary -R /home/daria/Documents/Project2/hs37d5.fa -O home/daria/Project2/hs37d5.dict ' returned non-zero exit status 127.
  File "/home/daria/snakemake/project-ib/rules/rule_ref_dict.smk", line 10, in __rule_ref_dict
  File "/usr/lib/python3.6/concurrent/futures/thread.py", line 56, in run
Will exit after finishing currently running jobs.
Exiting because a job execution failed. Look above for error message
Complete log: .snakemake/log/2019-04-02T180309.194399.snakemake.log
