Building DAG of jobs...
Using shell: /bin/bash
Provided cores: 1
Rules claiming more threads will be scaled down.
Job counts:
	count	jobs
	7	HC
	1	all
	8	indel_filter
	8	select_var
	8	snp_filter
	32

[Sat May 11 00:57:56 2019]
rule select_var:
    input: /mnt/IMBG-NGS-Analysys/StudentsWork/kilina_da/output/Kra.recal_pass2.vcf
    output: /mnt/IMBG-NGS-Analysys/StudentsWork/kilina_da/output/Kra.recal_pass2_select.vcf
    jobid: 19
    wildcards: sample=Kra.recal_pass2
    priority: 3

[Sat May 11 00:58:15 2019]
Finished job 19.
1 of 32 steps (3%) done

[Sat May 11 00:58:15 2019]
rule indel_filter:
    input: /mnt/IMBG-NGS-Analysys/StudentsWork/kilina_da/output/Kra.recal_pass2_select.vcf
    output: /mnt/IMBG-NGS-Analysys/StudentsWork/kilina_da/output/Kra.recal_pass2_indels.vcf
    jobid: 39
    wildcards: sample=Kra.recal_pass2
    priority: 4

[Sat May 11 00:58:37 2019]
Finished job 39.
2 of 32 steps (6%) done

[Sat May 11 00:58:37 2019]
rule snp_filter:
    input: /mnt/IMBG-NGS-Analysys/StudentsWork/kilina_da/output/Kra.recal_pass2_select.vcf
    output: /mnt/IMBG-NGS-Analysys/StudentsWork/kilina_da/output/Kra.recal_pass2_snps.vcf
    jobid: 29
    wildcards: sample=Kra.recal_pass2
    priority: 4

[Sat May 11 00:59:00 2019]
Finished job 29.
3 of 32 steps (9%) done

[Sat May 11 00:59:00 2019]
rule HC:
    input: /mnt/IMBG-NGS-Analysys/StudentsWork/ExomesData/Ab_s.recal_pass2.bam
    output: /mnt/IMBG-NGS-Analysys/StudentsWork/kilina_da/output/Ab_s.recal_pass2.vcf
    jobid: 2
    wildcards: sample=Ab_s.recal_pass2
    priority: 2

[Sat May 11 02:32:00 2019]
Finished job 2.
4 of 32 steps (12%) done

[Sat May 11 02:32:00 2019]
rule select_var:
    input: /mnt/IMBG-NGS-Analysys/StudentsWork/kilina_da/output/Ab_s.recal_pass2.vcf
    output: /mnt/IMBG-NGS-Analysys/StudentsWork/kilina_da/output/Ab_s.recal_pass2_select.vcf
    jobid: 12
    wildcards: sample=Ab_s.recal_pass2
    priority: 3

[Sat May 11 02:32:10 2019]
Finished job 12.
5 of 32 steps (16%) done

[Sat May 11 02:32:10 2019]
rule indel_filter:
    input: /mnt/IMBG-NGS-Analysys/StudentsWork/kilina_da/output/Ab_s.recal_pass2_select.vcf
    output: /mnt/IMBG-NGS-Analysys/StudentsWork/kilina_da/output/Ab_s.recal_pass2_indels.vcf
    jobid: 32
    wildcards: sample=Ab_s.recal_pass2
    priority: 4

[Sat May 11 02:32:24 2019]
Finished job 32.
6 of 32 steps (19%) done

[Sat May 11 02:32:24 2019]
rule snp_filter:
    input: /mnt/IMBG-NGS-Analysys/StudentsWork/kilina_da/output/Ab_s.recal_pass2_select.vcf
    output: /mnt/IMBG-NGS-Analysys/StudentsWork/kilina_da/output/Ab_s.recal_pass2_snps.vcf
    jobid: 22
    wildcards: sample=Ab_s.recal_pass2
    priority: 4

[Sat May 11 02:32:36 2019]
Finished job 22.
7 of 32 steps (22%) done

[Sat May 11 02:32:36 2019]
rule HC:
    input: /mnt/IMBG-NGS-Analysys/StudentsWork/ExomesData/S_M.recal_pass2.bam
    output: /mnt/IMBG-NGS-Analysys/StudentsWork/kilina_da/output/S_M.recal_pass2.vcf
    jobid: 5
    wildcards: sample=S_M.recal_pass2
    priority: 2

[Sat May 11 03:46:48 2019]
Finished job 5.
8 of 32 steps (25%) done

[Sat May 11 03:46:48 2019]
rule select_var:
    input: /mnt/IMBG-NGS-Analysys/StudentsWork/kilina_da/output/S_M.recal_pass2.vcf
    output: /mnt/IMBG-NGS-Analysys/StudentsWork/kilina_da/output/S_M.recal_pass2_select.vcf
    jobid: 15
    wildcards: sample=S_M.recal_pass2
    priority: 3

[Sat May 11 03:46:58 2019]
Finished job 15.
9 of 32 steps (28%) done

[Sat May 11 03:46:58 2019]
rule snp_filter:
    input: /mnt/IMBG-NGS-Analysys/StudentsWork/kilina_da/output/S_M.recal_pass2_select.vcf
    output: /mnt/IMBG-NGS-Analysys/StudentsWork/kilina_da/output/S_M.recal_pass2_snps.vcf
    jobid: 25
    wildcards: sample=S_M.recal_pass2
    priority: 4

[Sat May 11 03:47:10 2019]
Finished job 25.
10 of 32 steps (31%) done

[Sat May 11 03:47:11 2019]
rule indel_filter:
    input: /mnt/IMBG-NGS-Analysys/StudentsWork/kilina_da/output/S_M.recal_pass2_select.vcf
    output: /mnt/IMBG-NGS-Analysys/StudentsWork/kilina_da/output/S_M.recal_pass2_indels.vcf
    jobid: 35
    wildcards: sample=S_M.recal_pass2
    priority: 4

[Sat May 11 03:47:21 2019]
Finished job 35.
11 of 32 steps (34%) done

[Sat May 11 03:47:21 2019]
rule HC:
    input: /mnt/IMBG-NGS-Analysys/StudentsWork/ExomesData/V_M.recal_pass2.bam
    output: /mnt/IMBG-NGS-Analysys/StudentsWork/kilina_da/output/V_M.recal_pass2.vcf
    jobid: 6
    wildcards: sample=V_M.recal_pass2
    priority: 2

[Sat May 11 05:19:21 2019]
Finished job 6.
12 of 32 steps (38%) done

[Sat May 11 05:19:21 2019]
rule select_var:
    input: /mnt/IMBG-NGS-Analysys/StudentsWork/kilina_da/output/V_M.recal_pass2.vcf
    output: /mnt/IMBG-NGS-Analysys/StudentsWork/kilina_da/output/V_M.recal_pass2_select.vcf
    jobid: 16
    wildcards: sample=V_M.recal_pass2
    priority: 3

[Sat May 11 05:19:31 2019]
Finished job 16.
13 of 32 steps (41%) done

[Sat May 11 05:19:31 2019]
rule snp_filter:
    input: /mnt/IMBG-NGS-Analysys/StudentsWork/kilina_da/output/V_M.recal_pass2_select.vcf
    output: /mnt/IMBG-NGS-Analysys/StudentsWork/kilina_da/output/V_M.recal_pass2_snps.vcf
    jobid: 26
    wildcards: sample=V_M.recal_pass2
    priority: 4

[Sat May 11 05:19:43 2019]
Finished job 26.
14 of 32 steps (44%) done

[Sat May 11 05:19:43 2019]
rule indel_filter:
    input: /mnt/IMBG-NGS-Analysys/StudentsWork/kilina_da/output/V_M.recal_pass2_select.vcf
    output: /mnt/IMBG-NGS-Analysys/StudentsWork/kilina_da/output/V_M.recal_pass2_indels.vcf
    jobid: 36
    wildcards: sample=V_M.recal_pass2
    priority: 4

[Sat May 11 05:19:54 2019]
Finished job 36.
15 of 32 steps (47%) done

[Sat May 11 05:19:54 2019]
rule HC:
    input: /mnt/IMBG-NGS-Analysys/StudentsWork/ExomesData/Ab_A.recal_pass2.bam
    output: /mnt/IMBG-NGS-Analysys/StudentsWork/kilina_da/output/Ab_A.recal_pass2.vcf
    jobid: 1
    wildcards: sample=Ab_A.recal_pass2
    priority: 2

[Sat May 11 06:29:24 2019]
Finished job 1.
16 of 32 steps (50%) done

[Sat May 11 06:29:24 2019]
rule select_var:
    input: /mnt/IMBG-NGS-Analysys/StudentsWork/kilina_da/output/Ab_A.recal_pass2.vcf
    output: /mnt/IMBG-NGS-Analysys/StudentsWork/kilina_da/output/Ab_A.recal_pass2_select.vcf
    jobid: 11
    wildcards: sample=Ab_A.recal_pass2
    priority: 3

[Sat May 11 06:29:34 2019]
Finished job 11.
17 of 32 steps (53%) done

[Sat May 11 06:29:34 2019]
rule snp_filter:
    input: /mnt/IMBG-NGS-Analysys/StudentsWork/kilina_da/output/Ab_A.recal_pass2_select.vcf
    output: /mnt/IMBG-NGS-Analysys/StudentsWork/kilina_da/output/Ab_A.recal_pass2_snps.vcf
    jobid: 21
    wildcards: sample=Ab_A.recal_pass2
    priority: 4

[Sat May 11 06:29:45 2019]
Finished job 21.
18 of 32 steps (56%) done

[Sat May 11 06:29:45 2019]
rule indel_filter:
    input: /mnt/IMBG-NGS-Analysys/StudentsWork/kilina_da/output/Ab_A.recal_pass2_select.vcf
    output: /mnt/IMBG-NGS-Analysys/StudentsWork/kilina_da/output/Ab_A.recal_pass2_indels.vcf
    jobid: 31
    wildcards: sample=Ab_A.recal_pass2
    priority: 4

[Sat May 11 06:29:56 2019]
Finished job 31.
19 of 32 steps (59%) done

[Sat May 11 06:29:56 2019]
rule HC:
    input: /mnt/IMBG-NGS-Analysys/StudentsWork/ExomesData/V_R.recal_pass2.bam
    output: /mnt/IMBG-NGS-Analysys/StudentsWork/kilina_da/output/V_R.recal_pass2.vcf
    jobid: 7
    wildcards: sample=V_R.recal_pass2
    priority: 2

[Sat May 11 07:56:05 2019]
Finished job 7.
20 of 32 steps (62%) done

[Sat May 11 07:56:05 2019]
rule select_var:
    input: /mnt/IMBG-NGS-Analysys/StudentsWork/kilina_da/output/V_R.recal_pass2.vcf
    output: /mnt/IMBG-NGS-Analysys/StudentsWork/kilina_da/output/V_R.recal_pass2_select.vcf
    jobid: 17
    wildcards: sample=V_R.recal_pass2
    priority: 3

[Sat May 11 07:56:15 2019]
Finished job 17.
21 of 32 steps (66%) done

[Sat May 11 07:56:15 2019]
rule snp_filter:
    input: /mnt/IMBG-NGS-Analysys/StudentsWork/kilina_da/output/V_R.recal_pass2_select.vcf
    output: /mnt/IMBG-NGS-Analysys/StudentsWork/kilina_da/output/V_R.recal_pass2_snps.vcf
    jobid: 27
    wildcards: sample=V_R.recal_pass2
    priority: 4

[Sat May 11 07:56:27 2019]
Finished job 27.
22 of 32 steps (69%) done

[Sat May 11 07:56:27 2019]
rule indel_filter:
    input: /mnt/IMBG-NGS-Analysys/StudentsWork/kilina_da/output/V_R.recal_pass2_select.vcf
    output: /mnt/IMBG-NGS-Analysys/StudentsWork/kilina_da/output/V_R.recal_pass2_indels.vcf
    jobid: 37
    wildcards: sample=V_R.recal_pass2
    priority: 4

[Sat May 11 07:56:39 2019]
Finished job 37.
23 of 32 steps (72%) done

[Sat May 11 07:56:39 2019]
rule HC:
    input: /mnt/IMBG-NGS-Analysys/StudentsWork/ExomesData/S_J.recal_pass2.bam
    output: /mnt/IMBG-NGS-Analysys/StudentsWork/kilina_da/output/S_J.recal_pass2.vcf
    jobid: 4
    wildcards: sample=S_J.recal_pass2
    priority: 2

[Sat May 11 09:05:20 2019]
Finished job 4.
24 of 32 steps (75%) done

[Sat May 11 09:05:20 2019]
rule select_var:
    input: /mnt/IMBG-NGS-Analysys/StudentsWork/kilina_da/output/S_J.recal_pass2.vcf
    output: /mnt/IMBG-NGS-Analysys/StudentsWork/kilina_da/output/S_J.recal_pass2_select.vcf
    jobid: 14
    wildcards: sample=S_J.recal_pass2
    priority: 3

[Sat May 11 09:05:29 2019]
Finished job 14.
25 of 32 steps (78%) done

[Sat May 11 09:05:29 2019]
rule snp_filter:
    input: /mnt/IMBG-NGS-Analysys/StudentsWork/kilina_da/output/S_J.recal_pass2_select.vcf
    output: /mnt/IMBG-NGS-Analysys/StudentsWork/kilina_da/output/S_J.recal_pass2_snps.vcf
    jobid: 24
    wildcards: sample=S_J.recal_pass2
    priority: 4

[Sat May 11 09:05:40 2019]
Finished job 24.
26 of 32 steps (81%) done

[Sat May 11 09:05:40 2019]
rule indel_filter:
    input: /mnt/IMBG-NGS-Analysys/StudentsWork/kilina_da/output/S_J.recal_pass2_select.vcf
    output: /mnt/IMBG-NGS-Analysys/StudentsWork/kilina_da/output/S_J.recal_pass2_indels.vcf
    jobid: 34
    wildcards: sample=S_J.recal_pass2
    priority: 4

[Sat May 11 09:05:51 2019]
Finished job 34.
27 of 32 steps (84%) done

[Sat May 11 09:05:51 2019]
rule HC:
    input: /mnt/IMBG-NGS-Analysys/StudentsWork/ExomesData/Sgi.recal_pass2.bam
    output: /mnt/IMBG-NGS-Analysys/StudentsWork/kilina_da/output/Sgi.recal_pass2.vcf
    jobid: 3
    wildcards: sample=Sgi.recal_pass2
    priority: 2

[Sat May 11 09:50:09 2019]
Finished job 3.
28 of 32 steps (88%) done

[Sat May 11 09:50:09 2019]
rule select_var:
    input: /mnt/IMBG-NGS-Analysys/StudentsWork/kilina_da/output/Sgi.recal_pass2.vcf
    output: /mnt/IMBG-NGS-Analysys/StudentsWork/kilina_da/output/Sgi.recal_pass2_select.vcf
    jobid: 13
    wildcards: sample=Sgi.recal_pass2
    priority: 3

[Sat May 11 09:50:17 2019]
Finished job 13.
29 of 32 steps (91%) done

[Sat May 11 09:50:17 2019]
rule indel_filter:
    input: /mnt/IMBG-NGS-Analysys/StudentsWork/kilina_da/output/Sgi.recal_pass2_select.vcf
    output: /mnt/IMBG-NGS-Analysys/StudentsWork/kilina_da/output/Sgi.recal_pass2_indels.vcf
    jobid: 33
    wildcards: sample=Sgi.recal_pass2
    priority: 4

[Sat May 11 09:50:28 2019]
Finished job 33.
30 of 32 steps (94%) done

[Sat May 11 09:50:28 2019]
rule snp_filter:
    input: /mnt/IMBG-NGS-Analysys/StudentsWork/kilina_da/output/Sgi.recal_pass2_select.vcf
    output: /mnt/IMBG-NGS-Analysys/StudentsWork/kilina_da/output/Sgi.recal_pass2_snps.vcf
    jobid: 23
    wildcards: sample=Sgi.recal_pass2
    priority: 4

[Sat May 11 09:50:39 2019]
Finished job 23.
31 of 32 steps (97%) done

[Sat May 11 09:50:39 2019]
localrule all:
    input: /mnt/IMBG-NGS-Analysys/StudentsWork/kilina_da/output/Ab_A.recal_pass2.vcf, /mnt/IMBG-NGS-Analysys/StudentsWork/kilina_da/output/Ab_s.recal_pass2.vcf, /mnt/IMBG-NGS-Analysys/StudentsWork/kilina_da/output/Sgi.recal_pass2.vcf, /mnt/IMBG-NGS-Analysys/StudentsWork/kilina_da/output/S_J.recal_pass2.vcf, /mnt/IMBG-NGS-Analysys/StudentsWork/kilina_da/output/S_M.recal_pass2.vcf, /mnt/IMBG-NGS-Analysys/StudentsWork/kilina_da/output/V_M.recal_pass2.vcf, /mnt/IMBG-NGS-Analysys/StudentsWork/kilina_da/output/V_R.recal_pass2.vcf, /mnt/IMBG-NGS-Analysys/StudentsWork/kilina_da/output/Kir.recal_pass2.vcf, /mnt/IMBG-NGS-Analysys/StudentsWork/kilina_da/output/Kra.recal_pass2.vcf, /mnt/IMBG-NGS-Analysys/StudentsWork/kilina_da/output/Lop.recal_pass2.vcf, /mnt/IMBG-NGS-Analysys/StudentsWork/kilina_da/output/Ab_A.recal_pass2_select.vcf, /mnt/IMBG-NGS-Analysys/StudentsWork/kilina_da/output/Ab_s.recal_pass2_select.vcf, /mnt/IMBG-NGS-Analysys/StudentsWork/kilina_da/output/Sgi.recal_pass2_select.vcf, /mnt/IMBG-NGS-Analysys/StudentsWork/kilina_da/output/S_J.recal_pass2_select.vcf, /mnt/IMBG-NGS-Analysys/StudentsWork/kilina_da/output/S_M.recal_pass2_select.vcf, /mnt/IMBG-NGS-Analysys/StudentsWork/kilina_da/output/V_M.recal_pass2_select.vcf, /mnt/IMBG-NGS-Analysys/StudentsWork/kilina_da/output/V_R.recal_pass2_select.vcf, /mnt/IMBG-NGS-Analysys/StudentsWork/kilina_da/output/Kir.recal_pass2_select.vcf, /mnt/IMBG-NGS-Analysys/StudentsWork/kilina_da/output/Kra.recal_pass2_select.vcf, /mnt/IMBG-NGS-Analysys/StudentsWork/kilina_da/output/Lop.recal_pass2_select.vcf, /mnt/IMBG-NGS-Analysys/StudentsWork/kilina_da/output/Ab_A.recal_pass2_snps.vcf, /mnt/IMBG-NGS-Analysys/StudentsWork/kilina_da/output/Ab_s.recal_pass2_snps.vcf, /mnt/IMBG-NGS-Analysys/StudentsWork/kilina_da/output/Sgi.recal_pass2_snps.vcf, /mnt/IMBG-NGS-Analysys/StudentsWork/kilina_da/output/S_J.recal_pass2_snps.vcf, /mnt/IMBG-NGS-Analysys/StudentsWork/kilina_da/output/S_M.recal_pass2_snps.vcf, /mnt/IMBG-NGS-Analysys/StudentsWork/kilina_da/output/V_M.recal_pass2_snps.vcf, /mnt/IMBG-NGS-Analysys/StudentsWork/kilina_da/output/V_R.recal_pass2_snps.vcf, /mnt/IMBG-NGS-Analysys/StudentsWork/kilina_da/output/Kir.recal_pass2_snps.vcf, /mnt/IMBG-NGS-Analysys/StudentsWork/kilina_da/output/Kra.recal_pass2_snps.vcf, /mnt/IMBG-NGS-Analysys/StudentsWork/kilina_da/output/Lop.recal_pass2_snps.vcf, /mnt/IMBG-NGS-Analysys/StudentsWork/kilina_da/output/Ab_A.recal_pass2_indels.vcf, /mnt/IMBG-NGS-Analysys/StudentsWork/kilina_da/output/Ab_s.recal_pass2_indels.vcf, /mnt/IMBG-NGS-Analysys/StudentsWork/kilina_da/output/Sgi.recal_pass2_indels.vcf, /mnt/IMBG-NGS-Analysys/StudentsWork/kilina_da/output/S_J.recal_pass2_indels.vcf, /mnt/IMBG-NGS-Analysys/StudentsWork/kilina_da/output/S_M.recal_pass2_indels.vcf, /mnt/IMBG-NGS-Analysys/StudentsWork/kilina_da/output/V_M.recal_pass2_indels.vcf, /mnt/IMBG-NGS-Analysys/StudentsWork/kilina_da/output/V_R.recal_pass2_indels.vcf, /mnt/IMBG-NGS-Analysys/StudentsWork/kilina_da/output/Kir.recal_pass2_indels.vcf, /mnt/IMBG-NGS-Analysys/StudentsWork/kilina_da/output/Kra.recal_pass2_indels.vcf, /mnt/IMBG-NGS-Analysys/StudentsWork/kilina_da/output/Lop.recal_pass2_indels.vcf
    jobid: 0

[Sat May 11 09:50:39 2019]
Finished job 0.
32 of 32 steps (100%) done
Complete log: /home/kilina_da/project-ib/.snakemake/log/2019-05-11T005755.981249.snakemake.log
