Building DAG of jobs...
Provided cores: 1
Rules claiming more threads will be scaled down.
Job counts:
	count	jobs
	1	all
	1	bam_index
	1	ref_index
	3

rule ref_index:
    input: /home/daria/Documents/Project2/hs37d5.fa
    output: hs37d5.fa.fai
    jobid: 1

Terminating processes on user request.
Error in rule ref_index:
    jobid: 1
    output: hs37d5.fa.fai

RuleException:
CalledProcessError in line 10 of /home/daria/snakemake/project-ib/rules/rule_ref_index.smk:
Command ' set -euo pipefail;  samtools faidx /home/daria/Documents/Project2/hs37d5.fa -o hs37d5.fa.fai ' died with <Signals.SIGINT: 2>.
  File "/home/daria/snakemake/project-ib/rules/rule_ref_index.smk", line 10, in __rule_ref_index
  File "/usr/lib/python3.6/concurrent/futures/thread.py", line 56, in run
Complete log: .snakemake/log/2019-04-05T023225.898666.snakemake.log
