Building DAG of jobs...
Using shell: /bin/bash
Provided cores: 1
Rules claiming more threads will be scaled down.
Job counts:
	count	jobs
	1	all
	2	bam_index
	3

[Fri May 10 09:40:22 2019]
rule bam_index:
    input: /mnt/IMBG-NGS-Analysys/StudentsWork/kilina_da/input/SoCHR22_hg19.bam
    output: /mnt/IMBG-NGS-Analysys/StudentsWork/kilina_da/input/SoCHR22_hg19.bam.bai
    jobid: 1
    wildcards: sample=SoCHR22_hg19
    priority: 1

[Fri May 10 09:40:25 2019]
Finished job 1.
1 of 3 steps (33%) done

[Fri May 10 09:40:25 2019]
rule bam_index:
    input: /mnt/IMBG-NGS-Analysys/StudentsWork/kilina_da/input/SoCHR22_hg19_1.bam
    output: /mnt/IMBG-NGS-Analysys/StudentsWork/kilina_da/input/SoCHR22_hg19_1.bam.bai
    jobid: 2
    wildcards: sample=SoCHR22_hg19_1
    priority: 1

[Fri May 10 09:40:27 2019]
Finished job 2.
2 of 3 steps (67%) done

[Fri May 10 09:40:27 2019]
localrule all:
    input: /mnt/IMBG-NGS-Analysys/StudentsWork/kilina_da/input/SoCHR22_hg19.bam.bai, /mnt/IMBG-NGS-Analysys/StudentsWork/kilina_da/input/SoCHR22_hg19_1.bam.bai
    jobid: 0

[Fri May 10 09:40:27 2019]
Finished job 0.
3 of 3 steps (100%) done
Complete log: /home/kilina_da/project-ib/.snakemake/log/2019-05-10T094022.734849.snakemake.log
