Building DAG of jobs...
Using shell: /bin/bash
Provided cores: 1
Rules claiming more threads will be scaled down.
Job counts:
	count	jobs
	1	all
	10	snpEff_ind
	10	snpEff_snp
	21

[Sat May 18 21:51:58 2019]
rule snpEff_snp:
    input: /mnt/IMBG-NGS-Analysys/StudentsWork/kilina_da/output/Kir.recal_pass2_snps.vcf
    output: /mnt/IMBG-NGS-Analysys/StudentsWork/kilina_da/output/Kir.recal_pass2_snps_snpEff.vcf
    jobid: 18
    wildcards: sample=Kir.recal_pass2

[Sat May 18 22:01:05 2019]
Finished job 18.
1 of 21 steps (5%) done

[Sat May 18 22:01:05 2019]
rule snpEff_snp:
    input: /mnt/IMBG-NGS-Analysys/StudentsWork/kilina_da/output/Lop.recal_pass2_snps.vcf
    output: /mnt/IMBG-NGS-Analysys/StudentsWork/kilina_da/output/Lop.recal_pass2_snps_snpEff.vcf
    jobid: 20
    wildcards: sample=Lop.recal_pass2

[Sat May 18 22:07:31 2019]
Finished job 20.
2 of 21 steps (10%) done

[Sat May 18 22:07:31 2019]
rule snpEff_snp:
    input: /mnt/IMBG-NGS-Analysys/StudentsWork/kilina_da/output/Kra.recal_pass2_snps.vcf
    output: /mnt/IMBG-NGS-Analysys/StudentsWork/kilina_da/output/Kra.recal_pass2_snps_snpEff.vcf
    jobid: 19
    wildcards: sample=Kra.recal_pass2

[Sat May 18 22:11:29 2019]
Finished job 19.
3 of 21 steps (14%) done

[Sat May 18 22:11:29 2019]
rule snpEff_snp:
    input: /mnt/IMBG-NGS-Analysys/StudentsWork/kilina_da/output/Ab_s.recal_pass2_snps.vcf
    output: /mnt/IMBG-NGS-Analysys/StudentsWork/kilina_da/output/Ab_s.recal_pass2_snps_snpEff.vcf
    jobid: 12
    wildcards: sample=Ab_s.recal_pass2

[Sat May 18 22:14:43 2019]
Finished job 12.
4 of 21 steps (19%) done

[Sat May 18 22:14:43 2019]
rule snpEff_snp:
    input: /mnt/IMBG-NGS-Analysys/StudentsWork/kilina_da/output/V_R.recal_pass2_snps.vcf
    output: /mnt/IMBG-NGS-Analysys/StudentsWork/kilina_da/output/V_R.recal_pass2_snps_snpEff.vcf
    jobid: 17
    wildcards: sample=V_R.recal_pass2

[Sat May 18 22:17:31 2019]
Finished job 17.
5 of 21 steps (24%) done

[Sat May 18 22:17:31 2019]
rule snpEff_snp:
    input: /mnt/IMBG-NGS-Analysys/StudentsWork/kilina_da/output/V_M.recal_pass2_snps.vcf
    output: /mnt/IMBG-NGS-Analysys/StudentsWork/kilina_da/output/V_M.recal_pass2_snps_snpEff.vcf
    jobid: 16
    wildcards: sample=V_M.recal_pass2

[Sat May 18 22:20:30 2019]
Finished job 16.
6 of 21 steps (29%) done

[Sat May 18 22:20:30 2019]
rule snpEff_snp:
    input: /mnt/IMBG-NGS-Analysys/StudentsWork/kilina_da/output/S_M.recal_pass2_snps.vcf
    output: /mnt/IMBG-NGS-Analysys/StudentsWork/kilina_da/output/S_M.recal_pass2_snps_snpEff.vcf
    jobid: 15
    wildcards: sample=S_M.recal_pass2

[Sat May 18 22:23:40 2019]
Finished job 15.
7 of 21 steps (33%) done

[Sat May 18 22:23:40 2019]
rule snpEff_snp:
    input: /mnt/IMBG-NGS-Analysys/StudentsWork/kilina_da/output/Ab_A.recal_pass2_snps.vcf
    output: /mnt/IMBG-NGS-Analysys/StudentsWork/kilina_da/output/Ab_A.recal_pass2_snps_snpEff.vcf
    jobid: 11
    wildcards: sample=Ab_A.recal_pass2

[Sat May 18 22:26:03 2019]
Finished job 11.
8 of 21 steps (38%) done

[Sat May 18 22:26:03 2019]
rule snpEff_snp:
    input: /mnt/IMBG-NGS-Analysys/StudentsWork/kilina_da/output/S_J.recal_pass2_snps.vcf
    output: /mnt/IMBG-NGS-Analysys/StudentsWork/kilina_da/output/S_J.recal_pass2_snps_snpEff.vcf
    jobid: 14
    wildcards: sample=S_J.recal_pass2

[Sat May 18 22:28:43 2019]
Finished job 14.
9 of 21 steps (43%) done

[Sat May 18 22:28:43 2019]
rule snpEff_snp:
    input: /mnt/IMBG-NGS-Analysys/StudentsWork/kilina_da/output/Sgi.recal_pass2_snps.vcf
    output: /mnt/IMBG-NGS-Analysys/StudentsWork/kilina_da/output/Sgi.recal_pass2_snps_snpEff.vcf
    jobid: 13
    wildcards: sample=Sgi.recal_pass2

[Sat May 18 22:30:41 2019]
Finished job 13.
10 of 21 steps (48%) done

[Sat May 18 22:30:41 2019]
rule snpEff_ind:
    input: /mnt/IMBG-NGS-Analysys/StudentsWork/kilina_da/output/Kir.recal_pass2_indels.vcf
    output: /mnt/IMBG-NGS-Analysys/StudentsWork/kilina_da/output/Kir.recal_pass2_indels_snpEff.vcf
    jobid: 8
    wildcards: sample=Kir.recal_pass2

[Sat May 18 22:45:37 2019]
Error in rule snpEff_ind:
    jobid: 8
    output: /mnt/IMBG-NGS-Analysys/StudentsWork/kilina_da/output/Kir.recal_pass2_indels_snpEff.vcf
    shell:
        java -Xmx4g -jar ~/snpEff/snpEff.jar GRCh37.75 /mnt/IMBG-NGS-Analysys/StudentsWork/kilina_da/output/Kir.recal_pass2_indels.vcf > /mnt/IMBG-NGS-Analysys/StudentsWork/kilina_da/output/Kir.recal_pass2_indels_snpEff.vcf

Removing output files of failed job snpEff_ind since they might be corrupted:
/mnt/IMBG-NGS-Analysys/StudentsWork/kilina_da/output/Kir.recal_pass2_indels_snpEff.vcf
Shutting down, this might take some time.
Exiting because a job execution failed. Look above for error message
Complete log: /home/kilina_da/project-ib/.snakemake/log/2019-05-18T215158.054810.snakemake.log
