Building DAG of jobs...
Using shell: /bin/bash
Provided cores: 1
Rules claiming more threads will be scaled down.
Job counts:
	count	jobs
	4	HC
	1	all
	5

[Wed May 22 08:30:23 2019]
rule HC:
    input: /mnt/IMBG-NGS-Analysys/StudentsWork/kilina_da/input/Ab_A.recal_pass2.bam
    output: /mnt/IMBG-NGS-Analysys/StudentsWork/kilina_da/output/Ab_A.recal_pass2.g.vcf.gz
    jobid: 1
    wildcards: sample=Ab_A.recal_pass2
    priority: 2

[Wed May 22 10:22:08 2019]
Finished job 1.
1 of 5 steps (20%) done

[Wed May 22 10:22:08 2019]
rule HC:
    input: /mnt/IMBG-NGS-Analysys/StudentsWork/kilina_da/input/V_R.recal_pass2.bam
    output: /mnt/IMBG-NGS-Analysys/StudentsWork/kilina_da/output/V_R.recal_pass2.g.vcf.gz
    jobid: 4
    wildcards: sample=V_R.recal_pass2
    priority: 2

[Wed May 22 12:33:52 2019]
Finished job 4.
2 of 5 steps (40%) done

[Wed May 22 12:33:52 2019]
rule HC:
    input: /mnt/IMBG-NGS-Analysys/StudentsWork/kilina_da/input/S_J.recal_pass2.bam
    output: /mnt/IMBG-NGS-Analysys/StudentsWork/kilina_da/output/S_J.recal_pass2.g.vcf.gz
    jobid: 3
    wildcards: sample=S_J.recal_pass2
    priority: 2

[Wed May 22 14:26:01 2019]
Finished job 3.
3 of 5 steps (60%) done

[Wed May 22 14:26:01 2019]
rule HC:
    input: /mnt/IMBG-NGS-Analysys/StudentsWork/kilina_da/input/Sgi.recal_pass2.bam
    output: /mnt/IMBG-NGS-Analysys/StudentsWork/kilina_da/output/Sgi.recal_pass2.g.vcf.gz
    jobid: 2
    wildcards: sample=Sgi.recal_pass2
    priority: 2

[Wed May 22 15:40:26 2019]
Finished job 2.
4 of 5 steps (80%) done

[Wed May 22 15:40:26 2019]
localrule all:
    input: /mnt/IMBG-NGS-Analysys/StudentsWork/kilina_da/output/Ab_A.recal_pass2.g.vcf.gz, /mnt/IMBG-NGS-Analysys/StudentsWork/kilina_da/output/Ab_s.recal_pass2.g.vcf.gz, /mnt/IMBG-NGS-Analysys/StudentsWork/kilina_da/output/Sgi.recal_pass2.g.vcf.gz, /mnt/IMBG-NGS-Analysys/StudentsWork/kilina_da/output/S_J.recal_pass2.g.vcf.gz, /mnt/IMBG-NGS-Analysys/StudentsWork/kilina_da/output/S_M.recal_pass2.g.vcf.gz, /mnt/IMBG-NGS-Analysys/StudentsWork/kilina_da/output/V_M.recal_pass2.g.vcf.gz, /mnt/IMBG-NGS-Analysys/StudentsWork/kilina_da/output/V_R.recal_pass2.g.vcf.gz, /mnt/IMBG-NGS-Analysys/StudentsWork/kilina_da/output/Kir.recal_pass2.g.vcf.gz, /mnt/IMBG-NGS-Analysys/StudentsWork/kilina_da/output/Kra.recal_pass2.g.vcf.gz, /mnt/IMBG-NGS-Analysys/StudentsWork/kilina_da/output/Lop.recal_pass2.g.vcf.gz
    jobid: 0

[Wed May 22 15:40:26 2019]
Finished job 0.
5 of 5 steps (100%) done
Complete log: /home/kilina_da/project-ib/.snakemake/log/2019-05-22T083023.367664.snakemake.log
