Building DAG of jobs...
Using shell: /bin/bash
Provided cores: 1
Rules claiming more threads will be scaled down.
Job counts:
	count	jobs
	10	HC
	1	all
	11

[Mon May 20 14:37:09 2019]
rule HC:
    input: /mnt/IMBG-NGS-Analysys/StudentsWork/ExomesData/Lop.recal_pass2.bam
    output: /mnt/IMBG-NGS-Analysys/StudentsWork/kilina_da/output/Lop.recal_pass2.vcf
    jobid: 10
    wildcards: sample=Lop.recal_pass2
    priority: 2

[Mon May 20 17:52:37 2019]
Finished job 10.
1 of 11 steps (9%) done

[Mon May 20 17:52:37 2019]
rule HC:
    input: /mnt/IMBG-NGS-Analysys/StudentsWork/ExomesData/Kir.recal_pass2.bam
    output: /mnt/IMBG-NGS-Analysys/StudentsWork/kilina_da/output/Kir.recal_pass2.vcf
    jobid: 8
    wildcards: sample=Kir.recal_pass2
    priority: 2

[Mon May 20 21:21:45 2019]
Finished job 8.
2 of 11 steps (18%) done

[Mon May 20 21:21:45 2019]
rule HC:
    input: /mnt/IMBG-NGS-Analysys/StudentsWork/ExomesData/Kra.recal_pass2.bam
    output: /mnt/IMBG-NGS-Analysys/StudentsWork/kilina_da/output/Kra.recal_pass2.vcf
    jobid: 9
    wildcards: sample=Kra.recal_pass2
    priority: 2

[Tue May 21 00:37:28 2019]
Finished job 9.
3 of 11 steps (27%) done

[Tue May 21 00:37:28 2019]
rule HC:
    input: /mnt/IMBG-NGS-Analysys/StudentsWork/ExomesData/Ab_s.recal_pass2.bam
    output: /mnt/IMBG-NGS-Analysys/StudentsWork/kilina_da/output/Ab_s.recal_pass2.vcf
    jobid: 2
    wildcards: sample=Ab_s.recal_pass2
    priority: 2

[Tue May 21 02:09:10 2019]
Finished job 2.
4 of 11 steps (36%) done

[Tue May 21 02:09:10 2019]
rule HC:
    input: /mnt/IMBG-NGS-Analysys/StudentsWork/ExomesData/S_M.recal_pass2.bam
    output: /mnt/IMBG-NGS-Analysys/StudentsWork/kilina_da/output/S_M.recal_pass2.vcf
    jobid: 5
    wildcards: sample=S_M.recal_pass2
    priority: 2

[Tue May 21 03:22:06 2019]
Finished job 5.
5 of 11 steps (45%) done

[Tue May 21 03:22:06 2019]
rule HC:
    input: /mnt/IMBG-NGS-Analysys/StudentsWork/ExomesData/V_M.recal_pass2.bam
    output: /mnt/IMBG-NGS-Analysys/StudentsWork/kilina_da/output/V_M.recal_pass2.vcf
    jobid: 6
    wildcards: sample=V_M.recal_pass2
    priority: 2

[Tue May 21 04:53:00 2019]
Finished job 6.
6 of 11 steps (55%) done

[Tue May 21 04:53:00 2019]
rule HC:
    input: /mnt/IMBG-NGS-Analysys/StudentsWork/ExomesData/Ab_A.recal_pass2.bam
    output: /mnt/IMBG-NGS-Analysys/StudentsWork/kilina_da/output/Ab_A.recal_pass2.vcf
    jobid: 1
    wildcards: sample=Ab_A.recal_pass2
    priority: 2

[Tue May 21 06:02:03 2019]
Finished job 1.
7 of 11 steps (64%) done

[Tue May 21 06:02:03 2019]
rule HC:
    input: /mnt/IMBG-NGS-Analysys/StudentsWork/ExomesData/V_R.recal_pass2.bam
    output: /mnt/IMBG-NGS-Analysys/StudentsWork/kilina_da/output/V_R.recal_pass2.vcf
    jobid: 7
    wildcards: sample=V_R.recal_pass2
    priority: 2

[Tue May 21 07:25:25 2019]
Finished job 7.
8 of 11 steps (73%) done

[Tue May 21 07:25:25 2019]
rule HC:
    input: /mnt/IMBG-NGS-Analysys/StudentsWork/ExomesData/S_J.recal_pass2.bam
    output: /mnt/IMBG-NGS-Analysys/StudentsWork/kilina_da/output/S_J.recal_pass2.vcf
    jobid: 4
    wildcards: sample=S_J.recal_pass2
    priority: 2

[Tue May 21 08:34:16 2019]
Finished job 4.
9 of 11 steps (82%) done

[Tue May 21 08:34:16 2019]
rule HC:
    input: /mnt/IMBG-NGS-Analysys/StudentsWork/ExomesData/Sgi.recal_pass2.bam
    output: /mnt/IMBG-NGS-Analysys/StudentsWork/kilina_da/output/Sgi.recal_pass2.vcf
    jobid: 3
    wildcards: sample=Sgi.recal_pass2
    priority: 2

[Tue May 21 09:18:19 2019]
Finished job 3.
10 of 11 steps (91%) done

[Tue May 21 09:18:19 2019]
localrule all:
    input: /mnt/IMBG-NGS-Analysys/StudentsWork/kilina_da/output/Ab_A.recal_pass2.vcf, /mnt/IMBG-NGS-Analysys/StudentsWork/kilina_da/output/Ab_s.recal_pass2.vcf, /mnt/IMBG-NGS-Analysys/StudentsWork/kilina_da/output/Sgi.recal_pass2.vcf, /mnt/IMBG-NGS-Analysys/StudentsWork/kilina_da/output/S_J.recal_pass2.vcf, /mnt/IMBG-NGS-Analysys/StudentsWork/kilina_da/output/S_M.recal_pass2.vcf, /mnt/IMBG-NGS-Analysys/StudentsWork/kilina_da/output/V_M.recal_pass2.vcf, /mnt/IMBG-NGS-Analysys/StudentsWork/kilina_da/output/V_R.recal_pass2.vcf, /mnt/IMBG-NGS-Analysys/StudentsWork/kilina_da/output/Kir.recal_pass2.vcf, /mnt/IMBG-NGS-Analysys/StudentsWork/kilina_da/output/Kra.recal_pass2.vcf, /mnt/IMBG-NGS-Analysys/StudentsWork/kilina_da/output/Lop.recal_pass2.vcf
    jobid: 0

[Tue May 21 09:18:19 2019]
Finished job 0.
11 of 11 steps (100%) done
Complete log: /home/kilina_da/project-ib/.snakemake/log/2019-05-20T143709.576662.snakemake.log
