Building DAG of jobs...
Using shell: /bin/bash
Provided cores: 1
Rules claiming more threads will be scaled down.
Job counts:
	count	jobs
	1	all
	1	indel_filter
	1	left_trim
	1	select_indel
	1	select_snp
	1	snp_filter
	6

[Wed May 22 21:24:26 2019]
rule left_trim:
    input: /mnt/IMBG-NGS-Analysys/StudentsWork/kilina_da/output/combine_genotype.g.vcf.gz
    output: /mnt/IMBG-NGS-Analysys/StudentsWork/kilina_da/output/left_trim_combine_genotype.g.vcf.gz
    jobid: 1
    priority: 4

[Wed May 22 21:24:40 2019]
Finished job 1.
1 of 6 steps (17%) done

[Wed May 22 21:24:40 2019]
rule select_indel:
    input: /mnt/IMBG-NGS-Analysys/StudentsWork/kilina_da/output/left_trim_combine_genotype.g.vcf.gz
    output: /mnt/IMBG-NGS-Analysys/StudentsWork/kilina_da/output/indel_left_trim_combine_genotype.g.vcf.gz
    jobid: 3
    priority: 3

[Wed May 22 21:24:47 2019]
Finished job 3.
2 of 6 steps (33%) done

[Wed May 22 21:24:47 2019]
rule snp_filter:
    input: /mnt/IMBG-NGS-Analysys/StudentsWork/kilina_da/output/indel_left_trim_combine_genotype.g.vcf.gz
    output: /mnt/IMBG-NGS-Analysys/StudentsWork/kilina_da/output/filter_snp_left_trim_combine_genotype.g.vcf.gz
    jobid: 4
    priority: 4

[Wed May 22 21:24:53 2019]
Finished job 4.
3 of 6 steps (50%) done

[Wed May 22 21:24:53 2019]
rule indel_filter:
    input: /mnt/IMBG-NGS-Analysys/StudentsWork/kilina_da/output/indel_left_trim_combine_genotype.g.vcf.gz
    output: /mnt/IMBG-NGS-Analysys/StudentsWork/kilina_da/output/filter_indel_left_trim_combine_genotype.g.vcf.gz
    jobid: 5
    priority: 4

[Wed May 22 21:24:59 2019]
Finished job 5.
4 of 6 steps (67%) done

[Wed May 22 21:24:59 2019]
rule select_snp:
    input: /mnt/IMBG-NGS-Analysys/StudentsWork/kilina_da/output/left_trim_combine_genotype.g.vcf.gz
    output: /mnt/IMBG-NGS-Analysys/StudentsWork/kilina_da/output/snp_left_trim_combine_genotype.g.vcf.gz
    jobid: 2
    priority: 3

[Wed May 22 21:25:10 2019]
Finished job 2.
5 of 6 steps (83%) done

[Wed May 22 21:25:10 2019]
localrule all:
    input: /mnt/IMBG-NGS-Analysys/StudentsWork/kilina_da/output/left_trim_combine_genotype.g.vcf.gz, /mnt/IMBG-NGS-Analysys/StudentsWork/kilina_da/output/snp_left_trim_combine_genotype.g.vcf.gz, /mnt/IMBG-NGS-Analysys/StudentsWork/kilina_da/output/indel_left_trim_combine_genotype.g.vcf.gz, /mnt/IMBG-NGS-Analysys/StudentsWork/kilina_da/output/filter_snp_left_trim_combine_genotype.g.vcf.gz, /mnt/IMBG-NGS-Analysys/StudentsWork/kilina_da/output/filter_indel_left_trim_combine_genotype.g.vcf.gz
    jobid: 0

[Wed May 22 21:25:10 2019]
Finished job 0.
6 of 6 steps (100%) done
Complete log: /home/kilina_da/project-ib/.snakemake/log/2019-05-22T212426.813635.snakemake.log
