Building DAG of jobs...
MissingInputException in line 22 of /home/kilina_da/project-ib/Snakefile:
Missing input files for rule all:
/mnt/IMBG-NGS-Analysys/StudentsWork/kilina_da/output/V_R.recal_pass2_snps_anno.vcf
/mnt/IMBG-NGS-Analysys/StudentsWork/kilina_da/output/Kir.recal_pass2_indels_anno.vcf
/mnt/IMBG-NGS-Analysys/StudentsWork/kilina_da/output/Ab_s.recal_pass2_snps_anno.vcf
/mnt/IMBG-NGS-Analysys/StudentsWork/kilina_da/output/V_M.recal_pass2_snps_anno.vcf
/mnt/IMBG-NGS-Analysys/StudentsWork/kilina_da/output/Lop.recal_pass2_snps_anno.vcf
/mnt/IMBG-NGS-Analysys/StudentsWork/kilina_da/output/Sgi.recal_pass2_indels_anno.vcf
/mnt/IMBG-NGS-Analysys/StudentsWork/kilina_da/output/Ab_s.recal_pass2_indels_anno.vcf
/mnt/IMBG-NGS-Analysys/StudentsWork/kilina_da/output/S_M.recal_pass2_indels_anno.vcf
/mnt/IMBG-NGS-Analysys/StudentsWork/kilina_da/output/V_R.recal_pass2_indels_anno.vcf
/mnt/IMBG-NGS-Analysys/StudentsWork/kilina_da/output/S_J.recal_pass2_indels_anno.vcf
/mnt/IMBG-NGS-Analysys/StudentsWork/kilina_da/output/Ab_A.recal_pass2_snps_anno.vcf
/mnt/IMBG-NGS-Analysys/StudentsWork/kilina_da/output/S_J.recal_pass2_snps_anno.vcf
/mnt/IMBG-NGS-Analysys/StudentsWork/kilina_da/output/Kir.recal_pass2_snps_anno.vcf
/mnt/IMBG-NGS-Analysys/StudentsWork/kilina_da/output/Lop.recal_pass2_indels_anno.vcf
/mnt/IMBG-NGS-Analysys/StudentsWork/kilina_da/output/Ab_A.recal_pass2_indels_anno.vcf
/mnt/IMBG-NGS-Analysys/StudentsWork/kilina_da/output/Kra.recal_pass2_snps_anno.vcf
/mnt/IMBG-NGS-Analysys/StudentsWork/kilina_da/output/Sgi.recal_pass2_snps_anno.vcf
/mnt/IMBG-NGS-Analysys/StudentsWork/kilina_da/output/S_M.recal_pass2_snps_anno.vcf
/mnt/IMBG-NGS-Analysys/StudentsWork/kilina_da/output/Kra.recal_pass2_indels_anno.vcf
/mnt/IMBG-NGS-Analysys/StudentsWork/kilina_da/output/V_M.recal_pass2_indels_anno.vcf
