Building DAG of jobs...
Using shell: /bin/bash
Provided cores: 1
Rules claiming more threads will be scaled down.
Job counts:
	count	jobs
	10	HC
	1	all
	11

[Mon May 20 14:36:28 2019]
rule HC:
    input: /mnt/IMBG-NGS-Analysys/StudentsWork/ExomesData/Lop.recal_pass2.bam
    output: /mnt/IMBG-NGS-Analysys/StudentsWork/kilina_da/output/Lop.recal_pass2.vcf
    jobid: 10
    wildcards: sample=Lop.recal_pass2
    priority: 2

Terminating processes on user request, this might take some time.
[Mon May 20 14:36:54 2019]
Error in rule HC:
    jobid: 10
    output: /mnt/IMBG-NGS-Analysys/StudentsWork/kilina_da/output/Lop.recal_pass2.vcf
    shell:
        ~/gatk-4.1.2.0/gatk HaplotypeCaller -I /mnt/IMBG-NGS-Analysys/StudentsWork/ExomesData/Lop.recal_pass2.bam -R /mnt/IMBG-NGS-Analysys/StudentsWork/kilina_da/reference/hs37d5.fa -O /mnt/IMBG-NGS-Analysys/StudentsWork/kilina_da/output/Lop.recal_pass2.vcf

Removing output files of failed job HC since they might be corrupted:
/mnt/IMBG-NGS-Analysys/StudentsWork/kilina_da/output/Lop.recal_pass2.vcf
Complete log: /home/kilina_da/project-ib/.snakemake/log/2019-05-20T143628.500686.snakemake.log
